[2023-06-27_14:51:50] Added stamp "0603-bicycle-day"
[2023-06-27_14:56:16] Added stamp "paradox"
[2023-06-27_14:56:41] Added stamp "de-girls-day"
[2023-06-27_14:56:56] Added stamp "0522-sherlock-homles"
[2023-06-27_14:57:29] Added stamp "0412-human-space-flight-v2"
[2023-06-27_14:57:34] Added stamp "0504-may-the-fourth"
[2023-06-27_14:57:37] Added stamp "walpurgis-night"
[2023-06-27_14:58:17] Added stamp "dk-queens-birthday"
[2023-06-27_14:58:26] Added stamp "kh-khmer-new-year"
[2023-06-27_14:58:34] Added stamp "eid-al-fitr"
[2023-06-27_14:58:41] Added stamp "fr_napoleon-bonaparte"
[2023-06-27_14:58:49] Added stamp "hu-inventors-day"
[2023-06-27_14:58:57] Added stamp "nl_windmill-day"
[2023-06-27_14:59:10] Added stamp "0525-towel-day"
[2023-06-27_14:59:18] Added stamp "ua_vyshyvanka-day"
[2023-06-27_14:59:29] Added stamp "id-nyepi"
[2023-06-27_14:59:40] Added stamp "dk_hveder"
[2023-06-27_14:59:48] Added stamp "lk-aluth-avurudda"
[2023-06-27_14:59:59] Added stamp "royal-ploughing--ceremony"
[2023-06-27_15:00:08] Added stamp "fr_baguette"
[2023-06-27_15:00:15] Added stamp "tr_mustafa-kemal"
[2023-06-27_15:00:22] Added stamp "hu-national-poetry-day"
[2023-06-27_15:00:31] Added stamp "kz-day-of-love"
[2023-06-27_15:00:42] Added stamp "am-forget-me-not"
[2023-06-27_15:00:52] Added stamp "in-baisakhi-harvest"
[2023-06-27_15:00:57] Added stamp "it_dante-day"
[2023-06-27_15:01:04] Added stamp "se-waffle-day"
[2023-06-27_15:01:12] Added stamp "ee_mother-tongue-day"
[2023-06-27_15:01:19] Added stamp "tm-drop-of-water"
[2023-06-27_15:01:28] Added stamp "by_gukanne-viasny"
[2023-06-27_15:01:40] Added stamp "lu-sprangpressioun"
[2023-06-27_15:01:48] Added stamp "br-tiradentes-day"
[2023-06-27_15:01:55] Added stamp "es-caseta"
[2023-06-27_15:02:17] Added stamp "ca-vimy-ridge-day"
[2023-06-27_15:02:32] Added stamp "es-rose-n-book"
[2023-06-27_15:02:45] Added stamp "tr-childrens-day"
[2023-06-27_15:02:54] Added stamp "se_linnaeus-day"
[2023-06-27_15:03:02] Added stamp "ir_omar-khayyam"
[2023-06-27_15:03:09] Added stamp "gb_tolkien-reading-day"
[2023-06-27_15:03:15] Added stamp "mx-aztec-new-year"
[2023-06-27_15:03:23] Added stamp "ve-dancing-devils"
[2023-06-27_15:03:28] Added stamp "eg-sham-ennessim"
[2023-06-27_15:03:34] Added stamp "uy-never-again-day"
[2023-06-27_15:03:41] Added stamp "bd_mujib-day"
[2023-06-27_15:03:45] Added stamp "pt-carnation"
[2023-12-18_22:17:25] Added stamp "de_mensch-argere-dich-nicht"
